<?xml version="1.0" encoding="UTF-8"?>
<coverage generated="1612437708453" clover="3.2.0">
  <project timestamp="1612437708453" name="All files">
    <metrics statements="18" coveredstatements="9" conditionals="2" coveredconditionals="1" methods="8" coveredmethods="3" elements="28" coveredelements="13" complexity="0" loc="18" ncloc="18" packages="1" files="1" classes="1"/>
    <file name="snake.js" path="/Users/christian.benseler/dev/pessoal/snakeweb/src/snake.js">
      <metrics statements="18" coveredstatements="9" conditionals="2" coveredconditionals="1" methods="8" coveredmethods="3"/>
      <line num="1" count="1" type="cond" truecount="1" falsecount="0"/>
      <line num="2" count="3" type="stmt"/>
      <line num="3" count="3" type="stmt"/>
      <line num="4" count="3" type="stmt"/>
      <line num="5" count="3" type="stmt"/>
      <line num="7" count="3" type="stmt"/>
      <line num="14" count="3" type="stmt"/>
      <line num="15" count="0" type="stmt"/>
      <line num="16" count="1" type="stmt"/>
      <line num="17" count="1" type="stmt"/>
      <line num="19" count="0" type="stmt"/>
      <line num="20" count="0" type="stmt"/>
      <line num="21" count="0" type="stmt"/>
      <line num="22" count="0" type="stmt"/>
      <line num="23" count="0" type="stmt"/>
      <line num="26" count="0" type="stmt"/>
      <line num="29" count="0" type="stmt"/>
      <line num="32" count="0" type="stmt"/>
    </file>
  </project>
</coverage>
