{"/Users/christian.benseler/dev/pessoal/snakeweb/src/snake.js": {"path":"/Users/christian.benseler/dev/pessoal/snakeweb/src/snake.js","statementMap":{"0":{"start":{"line":1,"column":14},"end":{"line":54,"column":1}},"1":{"start":{"line":2,"column":13},"end":{"line":2,"column":28}},"2":{"start":{"line":3,"column":13},"end":{"line":3,"column":15}},"3":{"start":{"line":4,"column":25},"end":{"line":4,"column":34}},"4":{"start":{"line":5,"column":19},"end":{"line":5,"column":20}},"5":{"start":{"line":7,"column":16},"end":{"line":12,"column":3}},"6":{"start":{"line":14,"column":2},"end":{"line":53,"column":4}},"7":{"start":{"line":15,"column":16},"end":{"line":15,"column":20}},"8":{"start":{"line":16,"column":16},"end":{"line":16,"column":20}},"9":{"start":{"line":17,"column":21},"end":{"line":17,"column":37}},"10":{"start":{"line":19,"column":23},"end":{"line":19,"column":46}},"11":{"start":{"line":20,"column":27},"end":{"line":20,"column":38}},"12":{"start":{"line":21,"column":24},"end":{"line":21,"column":74}},"13":{"start":{"line":22,"column":6},"end":{"line":22,"column":30}},"14":{"start":{"line":23,"column":6},"end":{"line":23,"column":58}},"15":{"start":{"line":26,"column":6},"end":{"line":28,"column":7}},"16":{"start":{"line":27,"column":8},"end":{"line":27,"column":50}},"17":{"start":{"line":30,"column":6},"end":{"line":32,"column":7}},"18":{"start":{"line":31,"column":8},"end":{"line":31,"column":62}},"19":{"start":{"line":33,"column":6},"end":{"line":40,"column":7}},"20":{"start":{"line":39,"column":8},"end":{"line":39,"column":55}},"21":{"start":{"line":41,"column":6},"end":{"line":41,"column":29}},"22":{"start":{"line":44,"column":6},"end":{"line":44,"column":25}},"23":{"start":{"line":47,"column":6},"end":{"line":51,"column":9}}},"fnMap":{"0":{"name":"(anonymous_0)","decl":{"start":{"line":1,"column":14},"end":{"line":1,"column":15}},"loc":{"start":{"line":1,"column":60},"end":{"line":54,"column":1}},"line":1},"1":{"name":"(anonymous_1)","decl":{"start":{"line":15,"column":10},"end":{"line":15,"column":11}},"loc":{"start":{"line":15,"column":16},"end":{"line":15,"column":20}},"line":15},"2":{"name":"(anonymous_2)","decl":{"start":{"line":16,"column":10},"end":{"line":16,"column":11}},"loc":{"start":{"line":16,"column":16},"end":{"line":16,"column":20}},"line":16},"3":{"name":"(anonymous_3)","decl":{"start":{"line":17,"column":15},"end":{"line":17,"column":16}},"loc":{"start":{"line":17,"column":21},"end":{"line":17,"column":37}},"line":17},"4":{"name":"(anonymous_4)","decl":{"start":{"line":18,"column":10},"end":{"line":18,"column":11}},"loc":{"start":{"line":18,"column":16},"end":{"line":24,"column":5}},"line":18},"5":{"name":"(anonymous_5)","decl":{"start":{"line":25,"column":21},"end":{"line":25,"column":22}},"loc":{"start":{"line":25,"column":30},"end":{"line":42,"column":5}},"line":25},"6":{"name":"(anonymous_6)","decl":{"start":{"line":43,"column":4},"end":{"line":43,"column":5}},"loc":{"start":{"line":43,"column":19},"end":{"line":45,"column":5}},"line":43},"7":{"name":"(anonymous_7)","decl":{"start":{"line":46,"column":9},"end":{"line":46,"column":10}},"loc":{"start":{"line":46,"column":15},"end":{"line":52,"column":5}},"line":46}},"branchMap":{"0":{"loc":{"start":{"line":1,"column":34},"end":{"line":1,"column":53}},"type":"default-arg","locations":[{"start":{"line":1,"column":46},"end":{"line":1,"column":53}}],"line":1},"1":{"loc":{"start":{"line":26,"column":6},"end":{"line":28,"column":7}},"type":"if","locations":[{"start":{"line":26,"column":6},"end":{"line":28,"column":7}},{"start":{"line":26,"column":6},"end":{"line":28,"column":7}}],"line":26},"2":{"loc":{"start":{"line":30,"column":6},"end":{"line":32,"column":7}},"type":"if","locations":[{"start":{"line":30,"column":6},"end":{"line":32,"column":7}},{"start":{"line":30,"column":6},"end":{"line":32,"column":7}}],"line":30},"3":{"loc":{"start":{"line":33,"column":6},"end":{"line":40,"column":7}},"type":"if","locations":[{"start":{"line":33,"column":6},"end":{"line":40,"column":7}},{"start":{"line":33,"column":6},"end":{"line":40,"column":7}}],"line":33},"4":{"loc":{"start":{"line":34,"column":8},"end":{"line":37,"column":55}},"type":"binary-expr","locations":[{"start":{"line":34,"column":9},"end":{"line":34,"column":20}},{"start":{"line":34,"column":24},"end":{"line":34,"column":51}},{"start":{"line":35,"column":9},"end":{"line":35,"column":22}},{"start":{"line":35,"column":26},"end":{"line":35,"column":51}},{"start":{"line":36,"column":9},"end":{"line":36,"column":23}},{"start":{"line":36,"column":27},"end":{"line":36,"column":54}},{"start":{"line":37,"column":9},"end":{"line":37,"column":22}},{"start":{"line":37,"column":26},"end":{"line":37,"column":54}}],"line":34},"5":{"loc":{"start":{"line":43,"column":9},"end":{"line":43,"column":17}},"type":"default-arg","locations":[{"start":{"line":43,"column":16},"end":{"line":43,"column":17}}],"line":43}},"s":{"0":1,"1":8,"2":8,"3":8,"4":8,"5":8,"6":8,"7":0,"8":1,"9":3,"10":0,"11":0,"12":0,"13":0,"14":0,"15":4,"16":1,"17":3,"18":1,"19":2,"20":1,"21":1,"22":0,"23":0},"f":{"0":8,"1":0,"2":1,"3":3,"4":0,"5":4,"6":0,"7":0},"b":{"0":[8],"1":[1,3],"2":[1,2],"3":[1,1],"4":[2,1,2,0,2,0,2,1],"5":[0]},"_coverageSchema":"1a1c01bbd47fc00a2c39e90264f33305004495a9","hash":"a783b62eb40d0b2b85932695335aa45ce170ea35"}
}
