{"/Users/christian.benseler/dev/pessoal/snakeweb/src/snake.js": {"path":"/Users/christian.benseler/dev/pessoal/snakeweb/src/snake.js","statementMap":{"0":{"start":{"line":1,"column":14},"end":{"line":39,"column":1}},"1":{"start":{"line":2,"column":13},"end":{"line":2,"column":28}},"2":{"start":{"line":3,"column":13},"end":{"line":3,"column":15}},"3":{"start":{"line":4,"column":25},"end":{"line":4,"column":34}},"4":{"start":{"line":5,"column":19},"end":{"line":5,"column":20}},"5":{"start":{"line":7,"column":16},"end":{"line":12,"column":3}},"6":{"start":{"line":14,"column":2},"end":{"line":38,"column":4}},"7":{"start":{"line":15,"column":16},"end":{"line":15,"column":20}},"8":{"start":{"line":16,"column":16},"end":{"line":16,"column":20}},"9":{"start":{"line":17,"column":21},"end":{"line":17,"column":37}},"10":{"start":{"line":19,"column":23},"end":{"line":19,"column":46}},"11":{"start":{"line":20,"column":27},"end":{"line":20,"column":38}},"12":{"start":{"line":21,"column":24},"end":{"line":21,"column":74}},"13":{"start":{"line":22,"column":6},"end":{"line":22,"column":30}},"14":{"start":{"line":23,"column":6},"end":{"line":23,"column":58}},"15":{"start":{"line":26,"column":6},"end":{"line":26,"column":29}},"16":{"start":{"line":29,"column":6},"end":{"line":29,"column":25}},"17":{"start":{"line":32,"column":6},"end":{"line":36,"column":9}}},"fnMap":{"0":{"name":"(anonymous_0)","decl":{"start":{"line":1,"column":14},"end":{"line":1,"column":15}},"loc":{"start":{"line":1,"column":60},"end":{"line":39,"column":1}},"line":1},"1":{"name":"(anonymous_1)","decl":{"start":{"line":15,"column":10},"end":{"line":15,"column":11}},"loc":{"start":{"line":15,"column":16},"end":{"line":15,"column":20}},"line":15},"2":{"name":"(anonymous_2)","decl":{"start":{"line":16,"column":10},"end":{"line":16,"column":11}},"loc":{"start":{"line":16,"column":16},"end":{"line":16,"column":20}},"line":16},"3":{"name":"(anonymous_3)","decl":{"start":{"line":17,"column":15},"end":{"line":17,"column":16}},"loc":{"start":{"line":17,"column":21},"end":{"line":17,"column":37}},"line":17},"4":{"name":"(anonymous_4)","decl":{"start":{"line":18,"column":10},"end":{"line":18,"column":11}},"loc":{"start":{"line":18,"column":16},"end":{"line":24,"column":5}},"line":18},"5":{"name":"(anonymous_5)","decl":{"start":{"line":25,"column":21},"end":{"line":25,"column":22}},"loc":{"start":{"line":25,"column":30},"end":{"line":27,"column":5}},"line":25},"6":{"name":"(anonymous_6)","decl":{"start":{"line":28,"column":4},"end":{"line":28,"column":5}},"loc":{"start":{"line":28,"column":19},"end":{"line":30,"column":5}},"line":28},"7":{"name":"(anonymous_7)","decl":{"start":{"line":31,"column":9},"end":{"line":31,"column":10}},"loc":{"start":{"line":31,"column":15},"end":{"line":37,"column":5}},"line":31}},"branchMap":{"0":{"loc":{"start":{"line":1,"column":34},"end":{"line":1,"column":53}},"type":"default-arg","locations":[{"start":{"line":1,"column":46},"end":{"line":1,"column":53}}],"line":1},"1":{"loc":{"start":{"line":28,"column":9},"end":{"line":28,"column":17}},"type":"default-arg","locations":[{"start":{"line":28,"column":16},"end":{"line":28,"column":17}}],"line":28}},"s":{"0":1,"1":3,"2":3,"3":3,"4":3,"5":3,"6":3,"7":0,"8":1,"9":1,"10":0,"11":0,"12":0,"13":0,"14":0,"15":0,"16":0,"17":0},"f":{"0":3,"1":0,"2":1,"3":1,"4":0,"5":0,"6":0,"7":0},"b":{"0":[3],"1":[0]},"_coverageSchema":"1a1c01bbd47fc00a2c39e90264f33305004495a9","hash":"a3594804365b9beb90162735f95161c8f0d976f7"}
}
