TN:
SF:src/snake.js
FN:1,(anonymous_0)
FN:15,(anonymous_1)
FN:16,(anonymous_2)
FN:17,(anonymous_3)
FN:18,(anonymous_4)
FN:25,(anonymous_5)
FN:43,(anonymous_6)
FN:46,(anonymous_7)
FNF:8
FNH:4
FNDA:8,(anonymous_0)
FNDA:0,(anonymous_1)
FNDA:1,(anonymous_2)
FNDA:3,(anonymous_3)
FNDA:0,(anonymous_4)
FNDA:4,(anonymous_5)
FNDA:0,(anonymous_6)
FNDA:0,(anonymous_7)
DA:1,1
DA:2,8
DA:3,8
DA:4,8
DA:5,8
DA:7,8
DA:14,8
DA:15,0
DA:16,1
DA:17,3
DA:19,0
DA:20,0
DA:21,0
DA:22,0
DA:23,0
DA:26,4
DA:27,1
DA:30,3
DA:31,1
DA:33,2
DA:39,1
DA:41,1
DA:44,0
DA:47,0
LF:24
LH:16
BRDA:1,0,0,8
BRDA:26,1,0,1
BRDA:26,1,1,3
BRDA:30,2,0,1
BRDA:30,2,1,2
BRDA:33,3,0,1
BRDA:33,3,1,1
BRDA:34,4,0,2
BRDA:34,4,1,1
BRDA:34,4,2,2
BRDA:34,4,3,0
BRDA:34,4,4,2
BRDA:34,4,5,0
BRDA:34,4,6,2
BRDA:34,4,7,1
BRDA:43,5,0,0
BRF:16
BRH:13
end_of_record
